<?xml version="1.0" encoding="UTF-8"?>
<!-- Generated by org.testng.reporters.JUnitXMLReporter -->
<testsuite hostname="AGL49" name="Default test" tests="5" failures="0" timestamp="28 Jun 2022 09:22:48 GMT" time="0.039" errors="0">
  <testcase name="Firsttestcase" time="0.011" classname="testNG.SimpleTestCaseWithPriority"/>
  <testcase name="Secondtestcase" time="0.001" classname="testNG.SimpleTestCaseWithPriority"/>
  <testcase name="Thirdtestcase" time="0.002" classname="testNG.SimpleTestCaseWithPriority"/>
  <testcase name="Fourthtestcase" time="0.001" classname="testNG.SimpleTestCaseWithPriority"/>
  <testcase name="Fifthtestcase" time="0.001" classname="testNG.SimpleTestCaseWithPriority"/>
</testsuite> <!-- Default test -->
