<?xml version="1.0" encoding="UTF-8"?>
<!-- Generated by org.testng.reporters.JUnitXMLReporter -->
<testsuite hostname="AGL49" name="Test Case" tests="5" failures="0" timestamp="29 Jun 2022 11:26:50 GMT" time="0.038" errors="0">
  <testcase name="Fifthtestcase" time="0.01" classname="testNG.SimpleTestCase"/>
  <testcase name="Firsttestcase" time="0.002" classname="testNG.SimpleTestCase"/>
  <testcase name="Fourthtestcase" time="0.002" classname="testNG.SimpleTestCase"/>
  <testcase name="Secondtestcase" time="0.001" classname="testNG.SimpleTestCase"/>
  <testcase name="Thirdtestcase" time="0.0" classname="testNG.SimpleTestCase"/>
</testsuite> <!-- Test Case -->
