<?xml version="1.0" encoding="UTF-8"?>
<!-- Generated by org.testng.reporters.JUnitXMLReporter -->
<testsuite hostname="AGL49" name="Test Case" tests="17" failures="0" timestamp="28 Jun 2022 11:35:11 GMT" time="0.105" errors="0">
  <testcase name="highschool" time="0.017" classname="testNG.DependanciesManagement"/>
  <testcase name="highersecondary" time="0.001" classname="testNG.DependanciesManagement"/>
  <testcase name="engineering" time="0.006" classname="testNG.DependanciesManagement"/>
  <testcase name="Fifthtestcase" time="0.002" classname="testNG.SimpleTestCase"/>
  <testcase name="Firsttestcase" time="0.002" classname="testNG.SimpleTestCase"/>
  <testcase name="Fourthtestcase" time="0.001" classname="testNG.SimpleTestCase"/>
  <testcase name="Secondtestcase" time="0.001" classname="testNG.SimpleTestCase"/>
  <testcase name="Thirdtestcase" time="0.004" classname="testNG.SimpleTestCase"/>
  <testcase name="Firsttestcase" time="0.002" classname="testNG.SimpleTestCaseWithPriority"/>
  <testcase name="Secondtestcase" time="0.002" classname="testNG.SimpleTestCaseWithPriority"/>
  <testcase name="Thirdtestcase" time="0.002" classname="testNG.SimpleTestCaseWithPriority"/>
  <testcase name="Fourthtestcase" time="0.001" classname="testNG.SimpleTestCaseWithPriority"/>
  <testcase name="Fifthtestcase" time="0.004" classname="testNG.SimpleTestCaseWithPriority"/>
  <testcase name="Firsttestcase" time="0.001" classname="testNG.SkipATestcase"/>
  <testcase name="Secondtestcase" time="0.001" classname="testNG.SkipATestcase"/>
  <testcase name="Fourthtestcase" time="0.004" classname="testNG.SkipATestcase"/>
  <testcase name="Fifthtestcase" time="0.0" classname="testNG.SkipATestcase"/>
</testsuite> <!-- Test Case -->
